/home/wang6559/.conda/envs/OT_IMM/lib/python3.10/site-packages/torch/__init__.py:1144: UserWarning: torch.set_default_tensor_type() is deprecated as of PyTorch 2.1, please use torch.set_default_dtype() and torch.set_default_device() as alternatives. (Triggered internally at /opt/conda/conda-bld/pytorch_1729647352509/work/torch/csrc/tensor/python_tensor.cpp:432.)
  _C._set_default_tensor_type(t)
Traceback (most recent call last):
  File "/home/wang6559/Desktop/stochastic-interpolants/run_checker_experiment.py", line 470, in <module>
    main(config)
  File "/home/wang6559/Desktop/stochastic-interpolants/run_checker_experiment.py", line 445, in main
    json.dump(data_dict, f, indent=2)
  File "/home/wang6559/.conda/envs/OT_IMM/lib/python3.10/json/__init__.py", line 179, in dump
    for chunk in iterable:
  File "/home/wang6559/.conda/envs/OT_IMM/lib/python3.10/json/encoder.py", line 431, in _iterencode
    yield from _iterencode_dict(o, _current_indent_level)
  File "/home/wang6559/.conda/envs/OT_IMM/lib/python3.10/json/encoder.py", line 405, in _iterencode_dict
    yield from chunks
  File "/home/wang6559/.conda/envs/OT_IMM/lib/python3.10/json/encoder.py", line 325, in _iterencode_list
    yield from chunks
  File "/home/wang6559/.conda/envs/OT_IMM/lib/python3.10/json/encoder.py", line 438, in _iterencode
    o = _default(o)
  File "/home/wang6559/.conda/envs/OT_IMM/lib/python3.10/json/encoder.py", line 179, in default
    raise TypeError(f'Object of type {o.__class__.__name__} '
TypeError: Object of type float32 is not JSON serializable
