===========================================
Starting job on g002.gautschi.rcac.purdue.edu at Thu Sep 25 03:43:05 AM EDT 2025
Config file: configs/conservative.json
Job ID: 3593253
Time limit: 30 minutes
Auto-cancellation enabled
===========================================
Thu Sep 25 03:43:05 2025       
+-----------------------------------------------------------------------------------------+
| NVIDIA-SMI 575.57.08              Driver Version: 575.57.08      CUDA Version: 12.9     |
|-----------------------------------------+------------------------+----------------------+
| GPU  Name                 Persistence-M | Bus-Id          Disp.A | Volatile Uncorr. ECC |
| Fan  Temp   Perf          Pwr:Usage/Cap |           Memory-Usage | GPU-Util  Compute M. |
|                                         |                        |               MIG M. |
|=========================================+========================+======================|
|   0  NVIDIA L40S                    On  |   00000000:21:00.0 Off |                    0 |
| N/A   32C    P8             33W /  350W |       0MiB /  46068MiB |      0%      Default |
|                                         |                        |                  N/A |
+-----------------------------------------+------------------------+----------------------+
                                                                                         
+-----------------------------------------------------------------------------------------+
| Processes:                                                                              |
|  GPU   GI   CI              PID   Type   Process name                        GPU Memory |
|        ID   ID                                                               Usage      |
|=========================================================================================|
|  No running processes found                                                             |
+-----------------------------------------------------------------------------------------+
Running experiment with config: configs/conservative.json
Progress detected, resetting counter
Progress detected, resetting counter
Progress detected, resetting counter
Progress detected, resetting counter
Progress detected, resetting counter
Progress detected, resetting counter
Progress detected, resetting counter
Progress detected, resetting counter
Progress detected, resetting counter
Progress detected, resetting counter
Progress detected, resetting counter
CUDA available, setting default tensor residence to GPU.
Device: cuda
Torch version: 2.5.1
Saved config to results/conservative/config.json

Starting training for 50 epochs...
Output directory: results/conservative
Epoch 1/50: v_loss=-9.9611, flow_loss=-8.6992, v_grad=5.3706, flow_grad=0.0000, E[|v|²]=19.6971
Saved plot to results/conservative/epoch_0001.png
Epoch 2/50: v_loss=-9.3126, flow_loss=-9.3620, v_grad=4.8158, flow_grad=0.0000, E[|v|²]=18.7874
Saved plot to results/conservative/epoch_0002.png
Epoch 3/50: v_loss=-9.6848, flow_loss=-9.7498, v_grad=6.7136, flow_grad=0.0000, E[|v|²]=18.6248
Saved plot to results/conservative/epoch_0003.png
Epoch 4/50: v_loss=-9.3689, flow_loss=-10.4688, v_grad=6.6001, flow_grad=0.0000, E[|v|²]=19.0378
Saved plot to results/conservative/epoch_0004.png
Epoch 5/50: v_loss=-10.7826, flow_loss=-9.8823, v_grad=6.3284, flow_grad=0.0000, E[|v|²]=20.8055
Saved plot to results/conservative/epoch_0005.png
Epoch 6/50: v_loss=-9.8443, flow_loss=-10.1226, v_grad=4.5174, flow_grad=0.0000, E[|v|²]=21.1325
Saved plot to results/conservative/epoch_0006.png
Epoch 7/50: v_loss=-9.7933, flow_loss=-9.9330, v_grad=4.8183, flow_grad=0.0000, E[|v|²]=20.9934
Saved plot to results/conservative/epoch_0007.png
Epoch 8/50: v_loss=-10.7755, flow_loss=-10.0046, v_grad=4.2278, flow_grad=0.0000, E[|v|²]=20.5115
Saved plot to results/conservative/epoch_0008.png
Epoch 9/50: v_loss=-9.6049, flow_loss=-10.2656, v_grad=6.7940, flow_grad=0.0000, E[|v|²]=20.3324
Saved plot to results/conservative/epoch_0009.png
Epoch 10/50: v_loss=-11.1472, flow_loss=-9.9433, v_grad=6.0029, flow_grad=0.0000, E[|v|²]=21.5108
Saved plot to results/conservative/epoch_0010.png
Epoch 11/50: v_loss=-10.3454, flow_loss=-11.0285, v_grad=4.9444, flow_grad=0.0000, E[|v|²]=20.2307
Saved plot to results/conservative/epoch_0011.png
Epoch 12/50: v_loss=-9.6045, flow_loss=-10.5077, v_grad=4.9442, flow_grad=0.0000, E[|v|²]=20.4975
Saved plot to results/conservative/epoch_0012.png
Epoch 13/50: v_loss=-9.0054, flow_loss=-9.9021, v_grad=5.1900, flow_grad=0.0000, E[|v|²]=20.9372
Saved plot to results/conservative/epoch_0013.png
Epoch 14/50: v_loss=-10.8651, flow_loss=-10.7448, v_grad=5.5449, flow_grad=0.0000, E[|v|²]=20.7194
Saved plot to results/conservative/epoch_0014.png
Epoch 15/50: v_loss=-9.5538, flow_loss=-10.5849, v_grad=5.0398, flow_grad=0.0000, E[|v|²]=20.7643
Saved plot to results/conservative/epoch_0015.png
Epoch 16/50: v_loss=-10.5067, flow_loss=-9.8598, v_grad=4.8067, flow_grad=0.0000, E[|v|²]=20.8200
Saved plot to results/conservative/epoch_0016.png
Epoch 17/50: v_loss=-11.1199, flow_loss=-10.2436, v_grad=5.2544, flow_grad=0.0000, E[|v|²]=20.8215
Saved plot to results/conservative/epoch_0017.png
Epoch 18/50: v_loss=-9.5095, flow_loss=-10.1153, v_grad=4.2939, flow_grad=0.0000, E[|v|²]=20.7348
Saved plot to results/conservative/epoch_0018.png
Epoch 19/50: v_loss=-10.5185, flow_loss=-9.8088, v_grad=6.2275, flow_grad=0.0000, E[|v|²]=20.4917
Saved plot to results/conservative/epoch_0019.png
Epoch 20/50: v_loss=-10.4598, flow_loss=-10.7716, v_grad=4.9209, flow_grad=0.0000, E[|v|²]=20.5138
Saved plot to results/conservative/epoch_0020.png
Epoch 21/50: v_loss=-9.4764, flow_loss=-11.3756, v_grad=5.9327, flow_grad=0.0000, E[|v|²]=20.5956
Saved plot to results/conservative/epoch_0021.png
Epoch 22/50: v_loss=-10.2898, flow_loss=-11.0984, v_grad=5.5920, flow_grad=0.0000, E[|v|²]=20.7317
Saved plot to results/conservative/epoch_0022.png
Epoch 23/50: v_loss=-10.0876, flow_loss=-10.0953, v_grad=6.1077, flow_grad=0.0000, E[|v|²]=21.0552
Saved plot to results/conservative/epoch_0023.png
Epoch 24/50: v_loss=-10.6413, flow_loss=-9.8857, v_grad=4.8920, flow_grad=0.0000, E[|v|²]=21.1368
Saved plot to results/conservative/epoch_0024.png
Epoch 25/50: v_loss=-9.9229, flow_loss=-9.6366, v_grad=5.5885, flow_grad=0.0000, E[|v|²]=20.7512
Saved plot to results/conservative/epoch_0025.png
Epoch 26/50: v_loss=-8.6666, flow_loss=-9.6313, v_grad=7.3757, flow_grad=0.0000, E[|v|²]=20.4677
Saved plot to results/conservative/epoch_0026.png
Epoch 27/50: v_loss=-10.0254, flow_loss=-10.5914, v_grad=6.1641, flow_grad=0.0000, E[|v|²]=20.6423
Saved plot to results/conservative/epoch_0027.png
Epoch 28/50: v_loss=-9.1900, flow_loss=-10.2866, v_grad=7.5251, flow_grad=0.0000, E[|v|²]=20.6385
Saved plot to results/conservative/epoch_0028.png
Epoch 29/50: v_loss=-10.6348, flow_loss=-11.3824, v_grad=5.9528, flow_grad=0.0000, E[|v|²]=20.4995
Saved plot to results/conservative/epoch_0029.png
Epoch 30/50: v_loss=-10.7537, flow_loss=-9.7286, v_grad=5.5271, flow_grad=0.0000, E[|v|²]=20.6327
Saved plot to results/conservative/epoch_0030.png
Epoch 31/50: v_loss=-10.2262, flow_loss=-9.9313, v_grad=6.7060, flow_grad=0.0000, E[|v|²]=20.7969
Saved plot to results/conservative/epoch_0031.png
Epoch 32/50: v_loss=-9.5011, flow_loss=-11.7322, v_grad=4.9905, flow_grad=0.0000, E[|v|²]=20.9334
Saved plot to results/conservative/epoch_0032.png
Epoch 33/50: v_loss=-9.5627, flow_loss=-10.1979, v_grad=4.3007, flow_grad=0.0000, E[|v|²]=20.9737
Saved plot to results/conservative/epoch_0033.png
Epoch 34/50: v_loss=-10.8393, flow_loss=-10.2920, v_grad=4.8300, flow_grad=0.0000, E[|v|²]=20.7706
Saved plot to results/conservative/epoch_0034.png
Epoch 35/50: v_loss=-9.9970, flow_loss=-9.3214, v_grad=3.6849, flow_grad=0.0000, E[|v|²]=20.5959
Saved plot to results/conservative/epoch_0035.png
Epoch 36/50: v_loss=-10.0957, flow_loss=-9.9738, v_grad=4.5182, flow_grad=0.0000, E[|v|²]=20.8774
Saved plot to results/conservative/epoch_0036.png
Epoch 37/50: v_loss=-10.3712, flow_loss=-9.6460, v_grad=4.4174, flow_grad=0.0000, E[|v|²]=20.7094
Saved plot to results/conservative/epoch_0037.png
Epoch 38/50: v_loss=-9.2635, flow_loss=-9.4809, v_grad=4.6472, flow_grad=0.0000, E[|v|²]=20.8691
Saved plot to results/conservative/epoch_0038.png
Epoch 39/50: v_loss=-10.3762, flow_loss=-8.4782, v_grad=6.4838, flow_grad=0.0000, E[|v|²]=20.9664
Saved plot to results/conservative/epoch_0039.png
Epoch 40/50: v_loss=-9.3869, flow_loss=-9.9164, v_grad=6.1783, flow_grad=0.0000, E[|v|²]=20.8427
Saved plot to results/conservative/epoch_0040.png
Epoch 41/50: v_loss=-10.2572, flow_loss=-10.2900, v_grad=4.8315, flow_grad=0.0000, E[|v|²]=20.6416
Saved plot to results/conservative/epoch_0041.png
Epoch 42/50: v_loss=-8.9229, flow_loss=-11.2904, v_grad=5.6301, flow_grad=0.0000, E[|v|²]=20.5975
Saved plot to results/conservative/epoch_0042.png
Epoch 43/50: v_loss=-11.3615, flow_loss=-9.9947, v_grad=6.4977, flow_grad=0.0000, E[|v|²]=20.7198
Saved plot to results/conservative/epoch_0043.png
Epoch 44/50: v_loss=-11.1091, flow_loss=-10.4255, v_grad=5.0165, flow_grad=0.0000, E[|v|²]=20.7734
Saved plot to results/conservative/epoch_0044.png
Epoch 45/50: v_loss=-9.6977, flow_loss=-10.5644, v_grad=4.8508, flow_grad=0.0000, E[|v|²]=20.8642
Saved plot to results/conservative/epoch_0045.png
Epoch 46/50: v_loss=-11.0444, flow_loss=-10.4226, v_grad=5.0296, flow_grad=0.0000, E[|v|²]=20.6097
Saved plot to results/conservative/epoch_0046.png
Epoch 47/50: v_loss=-9.9740, flow_loss=-9.8466, v_grad=5.5564, flow_grad=0.0000, E[|v|²]=20.7539
Saved plot to results/conservative/epoch_0047.png
Epoch 48/50: v_loss=-10.0217, flow_loss=-10.4339, v_grad=6.2769, flow_grad=0.0000, E[|v|²]=20.6931
Saved plot to results/conservative/epoch_0048.png
Epoch 49/50: v_loss=-9.7668, flow_loss=-9.8948, v_grad=5.0534, flow_grad=0.0000, E[|v|²]=20.7288
Saved plot to results/conservative/epoch_0049.png
Epoch 50/50: v_loss=-9.7416, flow_loss=-10.6998, v_grad=5.1692, flow_grad=0.0000, E[|v|²]=20.5070
Saved plot to results/conservative/epoch_0050.png
===========================================
Job finished at Thu Sep 25 03:54:06 AM EDT 2025
Exit code: 1
===========================================
