===========================================
Starting job on g000.gautschi.rcac.purdue.edu at Sat Sep 27 04:35:53 AM EDT 2025
Config file: configs/aggressive.json
Job ID: 3607598
Time limit: 30 minutes
Auto-cancellation enabled
===========================================
Sat Sep 27 04:35:53 2025       
+-----------------------------------------------------------------------------------------+
| NVIDIA-SMI 575.57.08              Driver Version: 575.57.08      CUDA Version: 12.9     |
|-----------------------------------------+------------------------+----------------------+
| GPU  Name                 Persistence-M | Bus-Id          Disp.A | Volatile Uncorr. ECC |
| Fan  Temp   Perf          Pwr:Usage/Cap |           Memory-Usage | GPU-Util  Compute M. |
|                                         |                        |               MIG M. |
|=========================================+========================+======================|
|   0  NVIDIA L40S                    On  |   00000000:21:00.0 Off |                    0 |
| N/A   32C    P8             33W /  350W |       0MiB /  46068MiB |      0%      Default |
|                                         |                        |                  N/A |
+-----------------------------------------+------------------------+----------------------+
                                                                                         
+-----------------------------------------------------------------------------------------+
| Processes:                                                                              |
|  GPU   GI   CI              PID   Type   Process name                        GPU Memory |
|        ID   ID                                                               Usage      |
|=========================================================================================|
|  No running processes found                                                             |
+-----------------------------------------------------------------------------------------+
Running experiment with config: configs/aggressive.json
Progress detected, resetting counter
Progress detected, resetting counter
Progress detected, resetting counter
Progress detected, resetting counter
Progress detected, resetting counter
Progress detected, resetting counter
Progress detected, resetting counter
Progress detected, resetting counter
Progress detected, resetting counter
CUDA available, setting default tensor residence to GPU.
Device: cuda
Torch version: 2.5.1
Saved config to results/aggressive/config.json

Starting training for 100 epochs...
Output directory: results/aggressive
Epoch 1/100: v_loss=-1.6518, flow_loss=0.9155, v_grad=19.5475, flow_grad=359.7775, E[|v|²]=7.2609
Saved plot to results/aggressive/epoch_0001.png
Epoch 2/100: v_loss=-40.3864, flow_loss=1420.6343, v_grad=83.6762, flow_grad=18905.6738, E[|v|²]=1302.0404
Saved plot to results/aggressive/epoch_0002.png
Epoch 3/100: v_loss=-16728.2188, flow_loss=50118.4414, v_grad=10544.0811, flow_grad=128100.8438, E[|v|²]=94131.0469
Saved plot to results/aggressive/epoch_0003.png
Epoch 4/100: v_loss=-2439.4236, flow_loss=1857.9039, v_grad=16310.9092, flow_grad=22965.9102, E[|v|²]=7040.8330
Saved plot to results/aggressive/epoch_0004.png
Epoch 5/100: v_loss=-741.5785, flow_loss=312.8384, v_grad=2743.6382, flow_grad=8643.6953, E[|v|²]=1872.7920
Saved plot to results/aggressive/epoch_0005.png
Epoch 6/100: v_loss=74.5250, flow_loss=-194.0544, v_grad=1614.4103, flow_grad=11325.5479, E[|v|²]=287.2809
Saved plot to results/aggressive/epoch_0006.png
Epoch 7/100: v_loss=-55.9988, flow_loss=23.1406, v_grad=516.1119, flow_grad=2147.9478, E[|v|²]=125.8272
Saved plot to results/aggressive/epoch_0007.png
Epoch 8/100: v_loss=-21.5597, flow_loss=-40.0546, v_grad=316.0963, flow_grad=1352.1570, E[|v|²]=30.0315
Saved plot to results/aggressive/epoch_0008.png
Epoch 9/100: v_loss=-36.0821, flow_loss=15.3951, v_grad=502.5746, flow_grad=1164.2003, E[|v|²]=32.7468
Saved plot to results/aggressive/epoch_0009.png
Epoch 10/100: v_loss=0.0469, flow_loss=131.6495, v_grad=582.7139, flow_grad=1673.0312, E[|v|²]=52.6637
Saved plot to results/aggressive/epoch_0010.png
Epoch 11/100: v_loss=-433.9786, flow_loss=777.8168, v_grad=944.7238, flow_grad=5759.9019, E[|v|²]=694.8693
Saved plot to results/aggressive/epoch_0011.png
Epoch 12/100: v_loss=-836.4326, flow_loss=1129.7719, v_grad=1633.3690, flow_grad=5830.3662, E[|v|²]=2163.0688
Saved plot to results/aggressive/epoch_0012.png
Epoch 13/100: v_loss=-449.5530, flow_loss=1043.9921, v_grad=3868.9634, flow_grad=5894.5713, E[|v|²]=1520.4010
Saved plot to results/aggressive/epoch_0013.png
Epoch 14/100: v_loss=-72.6620, flow_loss=112.2050, v_grad=800.0269, flow_grad=1674.3776, E[|v|²]=280.3175
Saved plot to results/aggressive/epoch_0014.png
Epoch 15/100: v_loss=-3.0586, flow_loss=-12.5044, v_grad=359.9474, flow_grad=668.0704, E[|v|²]=59.1995
Saved plot to results/aggressive/epoch_0015.png
Epoch 16/100: v_loss=-8.1636, flow_loss=19.1542, v_grad=203.8297, flow_grad=783.4240, E[|v|²]=32.3937
Saved plot to results/aggressive/epoch_0016.png
Epoch 17/100: v_loss=-13.1674, flow_loss=36.4971, v_grad=139.4793, flow_grad=590.0540, E[|v|²]=25.9495
Saved plot to results/aggressive/epoch_0017.png
Epoch 18/100: v_loss=-192.9728, flow_loss=525.7922, v_grad=356.3805, flow_grad=4807.2808, E[|v|²]=615.9214
Saved plot to results/aggressive/epoch_0018.png
Epoch 19/100: v_loss=-1357.2686, flow_loss=5581.1802, v_grad=2452.4680, flow_grad=24591.1953, E[|v|²]=8715.8662
Saved plot to results/aggressive/epoch_0019.png
Epoch 20/100: v_loss=184.5256, flow_loss=-104.3741, v_grad=2381.8174, flow_grad=2546.9736, E[|v|²]=233.4818
Saved plot to results/aggressive/epoch_0020.png
Epoch 21/100: v_loss=-346.5089, flow_loss=351.7784, v_grad=836.7902, flow_grad=4004.5862, E[|v|²]=456.2581
Saved plot to results/aggressive/epoch_0021.png
Epoch 22/100: v_loss=10.5812, flow_loss=-26.3808, v_grad=1654.6068, flow_grad=1470.6962, E[|v|²]=71.6763
Saved plot to results/aggressive/epoch_0022.png
Epoch 23/100: v_loss=-18.6202, flow_loss=30.1826, v_grad=290.8842, flow_grad=765.7503, E[|v|²]=29.2502
Saved plot to results/aggressive/epoch_0023.png
Epoch 24/100: v_loss=-41.1962, flow_loss=-29.3656, v_grad=736.0150, flow_grad=1177.3722, E[|v|²]=79.3559
Saved plot to results/aggressive/epoch_0024.png
Epoch 25/100: v_loss=-89.7447, flow_loss=317.9891, v_grad=604.1605, flow_grad=2775.8022, E[|v|²]=328.2967
Saved plot to results/aggressive/epoch_0025.png
Epoch 26/100: v_loss=-359.7482, flow_loss=2142.1465, v_grad=1120.8723, flow_grad=11840.4814, E[|v|²]=4104.6704
Saved plot to results/aggressive/epoch_0026.png
Epoch 27/100: v_loss=-1211.3002, flow_loss=4136.3940, v_grad=1986.3749, flow_grad=14141.8662, E[|v|²]=9828.6504
Saved plot to results/aggressive/epoch_0027.png
Epoch 28/100: v_loss=-81.3700, flow_loss=-89.8982, v_grad=568.3865, flow_grad=2177.5586, E[|v|²]=131.3074
Saved plot to results/aggressive/epoch_0028.png
Epoch 29/100: v_loss=-5.8442, flow_loss=11.9220, v_grad=718.2043, flow_grad=1985.1194, E[|v|²]=72.8484
Saved plot to results/aggressive/epoch_0029.png
Epoch 30/100: v_loss=-37.7179, flow_loss=-21.4352, v_grad=582.6180, flow_grad=1513.4207, E[|v|²]=90.3293
Saved plot to results/aggressive/epoch_0030.png
Epoch 31/100: v_loss=-0.0438, flow_loss=-2.6657, v_grad=482.2893, flow_grad=2266.5864, E[|v|²]=12.7207
Saved plot to results/aggressive/epoch_0031.png
Epoch 32/100: v_loss=-38.1166, flow_loss=0.1838, v_grad=1030.7441, flow_grad=991.4241, E[|v|²]=43.3718
Saved plot to results/aggressive/epoch_0032.png
Epoch 33/100: v_loss=-28.4456, flow_loss=-33.4441, v_grad=868.5435, flow_grad=1575.1960, E[|v|²]=107.2197
Saved plot to results/aggressive/epoch_0033.png
Epoch 34/100: v_loss=-34.5864, flow_loss=59.2365, v_grad=463.9030, flow_grad=1784.3892, E[|v|²]=87.5753
Saved plot to results/aggressive/epoch_0034.png
Epoch 35/100: v_loss=-21.3921, flow_loss=29.6923, v_grad=497.1333, flow_grad=672.7048, E[|v|²]=29.8664
Saved plot to results/aggressive/epoch_0035.png
Epoch 36/100: v_loss=-4.3726, flow_loss=1.4200, v_grad=264.0182, flow_grad=388.3647, E[|v|²]=12.2349
Saved plot to results/aggressive/epoch_0036.png
Epoch 37/100: v_loss=-1.2878, flow_loss=-5.6457, v_grad=235.5821, flow_grad=431.7161, E[|v|²]=11.0767
Saved plot to results/aggressive/epoch_0037.png
Epoch 38/100: v_loss=-20.0335, flow_loss=-1.8817, v_grad=510.5493, flow_grad=604.6737, E[|v|²]=9.4327
Saved plot to results/aggressive/epoch_0038.png
Epoch 39/100: v_loss=-3.4629, flow_loss=-7.0948, v_grad=170.2551, flow_grad=371.8910, E[|v|²]=6.1310
Saved plot to results/aggressive/epoch_0039.png
Epoch 40/100: v_loss=-11.6693, flow_loss=-12.4878, v_grad=236.4204, flow_grad=439.3257, E[|v|²]=9.4219
Saved plot to results/aggressive/epoch_0040.png
Epoch 41/100: v_loss=-11.4026, flow_loss=24.2818, v_grad=397.9035, flow_grad=889.1605, E[|v|²]=37.1054
Saved plot to results/aggressive/epoch_0041.png
Epoch 42/100: v_loss=-4.3818, flow_loss=1.7186, v_grad=279.2241, flow_grad=338.8654, E[|v|²]=9.6721
Saved plot to results/aggressive/epoch_0042.png
Epoch 43/100: v_loss=2.5067, flow_loss=10.3609, v_grad=209.0659, flow_grad=569.9540, E[|v|²]=14.2129
Saved plot to results/aggressive/epoch_0043.png
Epoch 44/100: v_loss=4.2169, flow_loss=-6.2340, v_grad=215.4496, flow_grad=544.8147, E[|v|²]=6.9047
Saved plot to results/aggressive/epoch_0044.png
Epoch 45/100: v_loss=-9.2699, flow_loss=-25.4811, v_grad=238.9120, flow_grad=626.7634, E[|v|²]=16.1667
Saved plot to results/aggressive/epoch_0045.png
Epoch 46/100: v_loss=46.3687, flow_loss=-3.6357, v_grad=843.0774, flow_grad=704.1264, E[|v|²]=20.1300
Saved plot to results/aggressive/epoch_0046.png
Epoch 47/100: v_loss=-8.6630, flow_loss=18.5277, v_grad=208.6719, flow_grad=740.9718, E[|v|²]=14.1623
Saved plot to results/aggressive/epoch_0047.png
Epoch 48/100: v_loss=-244.0736, flow_loss=125.8426, v_grad=3862.8303, flow_grad=1522.5715, E[|v|²]=284.9246
Saved plot to results/aggressive/epoch_0048.png
Epoch 49/100: v_loss=-31.1089, flow_loss=7.5697, v_grad=707.1239, flow_grad=1123.5900, E[|v|²]=93.2469
Saved plot to results/aggressive/epoch_0049.png
Epoch 50/100: v_loss=-17.6947, flow_loss=2.7172, v_grad=713.5364, flow_grad=1685.7229, E[|v|²]=85.6240
Saved plot to results/aggressive/epoch_0050.png
Epoch 51/100: v_loss=-26.5191, flow_loss=24.1217, v_grad=487.7037, flow_grad=1046.3075, E[|v|²]=31.0791
Saved plot to results/aggressive/epoch_0051.png
Epoch 52/100: v_loss=-29.6831, flow_loss=-2.6413, v_grad=344.0436, flow_grad=861.9938, E[|v|²]=36.7755
Saved plot to results/aggressive/epoch_0052.png
Epoch 53/100: v_loss=-1.6087, flow_loss=12.9685, v_grad=348.4879, flow_grad=831.0760, E[|v|²]=33.2036
Saved plot to results/aggressive/epoch_0053.png
Epoch 54/100: v_loss=-42.3464, flow_loss=3.6161, v_grad=506.9025, flow_grad=976.9122, E[|v|²]=53.6012
Saved plot to results/aggressive/epoch_0054.png
Epoch 55/100: v_loss=-1.6338, flow_loss=-1.3883, v_grad=146.3048, flow_grad=553.2366, E[|v|²]=14.1018
Saved plot to results/aggressive/epoch_0055.png
Epoch 56/100: v_loss=2.4317, flow_loss=-2.5316, v_grad=181.4739, flow_grad=257.5743, E[|v|²]=5.4942
Saved plot to results/aggressive/epoch_0056.png
Epoch 57/100: v_loss=-3.0774, flow_loss=-0.0205, v_grad=190.7228, flow_grad=1029.8716, E[|v|²]=26.5357
Saved plot to results/aggressive/epoch_0057.png
Epoch 58/100: v_loss=-9.3457, flow_loss=-11.0895, v_grad=267.7089, flow_grad=834.6126, E[|v|²]=52.4211
Saved plot to results/aggressive/epoch_0058.png
Epoch 59/100: v_loss=1.1681, flow_loss=-5.4676, v_grad=200.7069, flow_grad=715.3406, E[|v|²]=16.5502
Saved plot to results/aggressive/epoch_0059.png
Epoch 60/100: v_loss=12.6128, flow_loss=3.2360, v_grad=352.3917, flow_grad=368.0310, E[|v|²]=8.7078
Saved plot to results/aggressive/epoch_0060.png
Epoch 61/100: v_loss=-3.9289, flow_loss=1.4453, v_grad=266.3783, flow_grad=517.5620, E[|v|²]=15.3402
Saved plot to results/aggressive/epoch_0061.png
Epoch 62/100: v_loss=6.1010, flow_loss=0.2453, v_grad=157.5766, flow_grad=1107.4781, E[|v|²]=16.2305
Saved plot to results/aggressive/epoch_0062.png
Epoch 63/100: v_loss=2.3488, flow_loss=-9.4809, v_grad=313.8549, flow_grad=621.1727, E[|v|²]=14.6061
Saved plot to results/aggressive/epoch_0063.png
Epoch 64/100: v_loss=-13.1174, flow_loss=-15.5010, v_grad=153.3879, flow_grad=682.0551, E[|v|²]=9.7697
Saved plot to results/aggressive/epoch_0064.png
Epoch 65/100: v_loss=1.4989, flow_loss=-3.4082, v_grad=124.1579, flow_grad=412.0220, E[|v|²]=8.3660
Saved plot to results/aggressive/epoch_0065.png
Epoch 66/100: v_loss=-17.5207, flow_loss=0.0704, v_grad=180.4654, flow_grad=422.7236, E[|v|²]=9.0927
Saved plot to results/aggressive/epoch_0066.png
Epoch 67/100: v_loss=-1.2417, flow_loss=-44.6405, v_grad=242.1938, flow_grad=1092.7070, E[|v|²]=9.4094
Saved plot to results/aggressive/epoch_0067.png
Epoch 68/100: v_loss=-19.7861, flow_loss=1.2964, v_grad=307.0378, flow_grad=459.8970, E[|v|²]=9.9399
Saved plot to results/aggressive/epoch_0068.png
Epoch 69/100: v_loss=-5.1684, flow_loss=-3.1785, v_grad=219.0578, flow_grad=419.1856, E[|v|²]=8.6169
Saved plot to results/aggressive/epoch_0069.png
Epoch 70/100: v_loss=-14.7426, flow_loss=0.5224, v_grad=277.4548, flow_grad=797.9147, E[|v|²]=15.1620
Saved plot to results/aggressive/epoch_0070.png
Epoch 71/100: v_loss=-27.6243, flow_loss=12.3797, v_grad=259.2779, flow_grad=542.9800, E[|v|²]=22.8791
Saved plot to results/aggressive/epoch_0071.png
Epoch 72/100: v_loss=7.5239, flow_loss=7.7228, v_grad=231.8483, flow_grad=471.6966, E[|v|²]=9.3796
Saved plot to results/aggressive/epoch_0072.png
Epoch 73/100: v_loss=-3.0090, flow_loss=-5.8188, v_grad=147.9525, flow_grad=475.8799, E[|v|²]=5.2815
Saved plot to results/aggressive/epoch_0073.png
Epoch 74/100: v_loss=-10.4770, flow_loss=-3.9650, v_grad=173.0217, flow_grad=369.4323, E[|v|²]=9.5916
Saved plot to results/aggressive/epoch_0074.png
Epoch 75/100: v_loss=3.7330, flow_loss=7.3890, v_grad=178.0448, flow_grad=589.2916, E[|v|²]=16.3220
Saved plot to results/aggressive/epoch_0075.png
Epoch 76/100: v_loss=-8.7380, flow_loss=0.0229, v_grad=153.8761, flow_grad=466.3555, E[|v|²]=9.3283
Saved plot to results/aggressive/epoch_0076.png
Epoch 77/100: v_loss=-9.2866, flow_loss=4.5046, v_grad=113.4994, flow_grad=424.3790, E[|v|²]=9.8937
Saved plot to results/aggressive/epoch_0077.png
Epoch 78/100: v_loss=-3.2060, flow_loss=-8.0008, v_grad=181.5200, flow_grad=1515.0579, E[|v|²]=13.5827
Saved plot to results/aggressive/epoch_0078.png
Epoch 79/100: v_loss=-6.4304, flow_loss=-9.7172, v_grad=209.5445, flow_grad=362.6755, E[|v|²]=6.8451
Saved plot to results/aggressive/epoch_0079.png
Epoch 80/100: v_loss=1.2352, flow_loss=-8.1146, v_grad=279.0638, flow_grad=474.2184, E[|v|²]=8.5255
Saved plot to results/aggressive/epoch_0080.png
Epoch 81/100: v_loss=3.2139, flow_loss=-4.5501, v_grad=183.3508, flow_grad=621.1754, E[|v|²]=8.5463
Saved plot to results/aggressive/epoch_0081.png
Epoch 82/100: v_loss=-10.0557, flow_loss=12.8025, v_grad=123.9250, flow_grad=705.2353, E[|v|²]=10.4567
Saved plot to results/aggressive/epoch_0082.png
Epoch 83/100: v_loss=4.1566, flow_loss=11.3445, v_grad=214.1973, flow_grad=560.3137, E[|v|²]=10.1479
Saved plot to results/aggressive/epoch_0083.png
Epoch 84/100: v_loss=-3.8739, flow_loss=-7.7844, v_grad=177.3285, flow_grad=680.1578, E[|v|²]=6.3854
Saved plot to results/aggressive/epoch_0084.png
Epoch 85/100: v_loss=-3.4678, flow_loss=1.3476, v_grad=208.4000, flow_grad=823.3419, E[|v|²]=8.5149
Saved plot to results/aggressive/epoch_0085.png
Epoch 86/100: v_loss=-1.3432, flow_loss=-1.2589, v_grad=151.8857, flow_grad=546.7297, E[|v|²]=9.3259
Saved plot to results/aggressive/epoch_0086.png
Epoch 87/100: v_loss=0.1975, flow_loss=6.0547, v_grad=107.0492, flow_grad=522.6530, E[|v|²]=7.0374
Saved plot to results/aggressive/epoch_0087.png
Epoch 88/100: v_loss=-2.9356, flow_loss=5.6676, v_grad=138.9483, flow_grad=524.7342, E[|v|²]=6.6116
Saved plot to results/aggressive/epoch_0088.png
Epoch 89/100: v_loss=3.4259, flow_loss=-10.3449, v_grad=147.6045, flow_grad=819.3641, E[|v|²]=6.2786
Saved plot to results/aggressive/epoch_0089.png
Epoch 90/100: v_loss=4.6958, flow_loss=0.8853, v_grad=169.9256, flow_grad=714.9153, E[|v|²]=6.5713
Saved plot to results/aggressive/epoch_0090.png
Epoch 91/100: v_loss=3.4514, flow_loss=-13.9189, v_grad=188.9166, flow_grad=766.6843, E[|v|²]=7.2599
Saved plot to results/aggressive/epoch_0091.png
Epoch 92/100: v_loss=-1.6033, flow_loss=-18.3282, v_grad=217.4539, flow_grad=821.1291, E[|v|²]=7.9398
Saved plot to results/aggressive/epoch_0092.png
Epoch 93/100: v_loss=-2.6621, flow_loss=8.2331, v_grad=249.1687, flow_grad=543.8228, E[|v|²]=8.5858
Saved plot to results/aggressive/epoch_0093.png
Epoch 94/100: v_loss=-6.8240, flow_loss=-13.6670, v_grad=258.2397, flow_grad=668.6269, E[|v|²]=7.7252
Saved plot to results/aggressive/epoch_0094.png
Epoch 95/100: v_loss=11.6990, flow_loss=-43.9926, v_grad=163.4280, flow_grad=2423.3154, E[|v|²]=17.9521
Saved plot to results/aggressive/epoch_0095.png
Epoch 96/100: v_loss=21.9500, flow_loss=-52.2340, v_grad=305.6664, flow_grad=7517.0200, E[|v|²]=15.6847
Saved plot to results/aggressive/epoch_0096.png
Epoch 97/100: v_loss=-16.6829, flow_loss=-19.5583, v_grad=133.9001, flow_grad=650.5149, E[|v|²]=11.8206
Saved plot to results/aggressive/epoch_0097.png
Epoch 98/100: v_loss=-11.5812, flow_loss=-3.3537, v_grad=177.3118, flow_grad=1724.1774, E[|v|²]=10.1922
Saved plot to results/aggressive/epoch_0098.png
Epoch 99/100: v_loss=-18.6153, flow_loss=11.0238, v_grad=264.3561, flow_grad=1008.9792, E[|v|²]=9.6548
Saved plot to results/aggressive/epoch_0099.png
Epoch 100/100: v_loss=6.4576, flow_loss=-1.7439, v_grad=208.9332, flow_grad=434.8232, E[|v|²]=8.6447
Saved plot to results/aggressive/epoch_0100.png
===========================================
Job finished at Sat Sep 27 04:45:31 AM EDT 2025
Exit code: 1
===========================================
